<?xml version="1.0" encoding="UTF-8"?>
<testsuite name="fr.noop.subtitle.util.SubtitleRegionTest" tests="8" skipped="0" failures="0" errors="0" timestamp="2023-12-15T14:18:13" hostname="MacBook-Pro-de-Simon.local" time="0.002">
  <properties/>
  <testcase name="testSetYException1" classname="fr.noop.subtitle.util.SubtitleRegionTest" time="0.001"/>
  <testcase name="testSetYException2" classname="fr.noop.subtitle.util.SubtitleRegionTest" time="0.0"/>
  <testcase name="testGetX" classname="fr.noop.subtitle.util.SubtitleRegionTest" time="0.0"/>
  <testcase name="testGetY" classname="fr.noop.subtitle.util.SubtitleRegionTest" time="0.0"/>
  <testcase name="testSetX" classname="fr.noop.subtitle.util.SubtitleRegionTest" time="0.0"/>
  <testcase name="testSetY" classname="fr.noop.subtitle.util.SubtitleRegionTest" time="0.0"/>
  <testcase name="testSetXException1" classname="fr.noop.subtitle.util.SubtitleRegionTest" time="0.0"/>
  <testcase name="testSetXException2" classname="fr.noop.subtitle.util.SubtitleRegionTest" time="0.0"/>
  <system-out><![CDATA[]]></system-out>
  <system-err><![CDATA[]]></system-err>
</testsuite>
