<?xml version="1.0" encoding="UTF-8"?>
<testsuite name="fr.noop.subtitle.stl.StlParserTest" tests="29" skipped="0" failures="0" errors="0" timestamp="2023-12-15T14:18:13" hostname="MacBook-Pro-de-Simon.local" time="0.043">
  <properties/>
  <testcase name="testCueRegion2" classname="fr.noop.subtitle.stl.StlParserTest" time="0.008"/>
  <testcase name="testGsiCd" classname="fr.noop.subtitle.stl.StlParserTest" time="0.002"/>
  <testcase name="testGsiCo" classname="fr.noop.subtitle.stl.StlParserTest" time="0.002"/>
  <testcase name="testGsiEn" classname="fr.noop.subtitle.stl.StlParserTest" time="0.001"/>
  <testcase name="testGsiRd" classname="fr.noop.subtitle.stl.StlParserTest" time="0.002"/>
  <testcase name="testGsiRn" classname="fr.noop.subtitle.stl.StlParserTest" time="0.001"/>
  <testcase name="testGsiTn" classname="fr.noop.subtitle.stl.StlParserTest" time="0.001"/>
  <testcase name="testTtiJc" classname="fr.noop.subtitle.stl.StlParserTest" time="0.002"/>
  <testcase name="testTtiSn" classname="fr.noop.subtitle.stl.StlParserTest" time="0.001"/>
  <testcase name="testTtiVp" classname="fr.noop.subtitle.stl.StlParserTest" time="0.001"/>
  <testcase name="testCueLines" classname="fr.noop.subtitle.stl.StlParserTest" time="0.001"/>
  <testcase name="testGsiCct" classname="fr.noop.subtitle.stl.StlParserTest" time="0.002"/>
  <testcase name="testGsiCpn" classname="fr.noop.subtitle.stl.StlParserTest" time="0.001"/>
  <testcase name="testGsiDfc" classname="fr.noop.subtitle.stl.StlParserTest" time="0.001"/>
  <testcase name="testGsiDsc" classname="fr.noop.subtitle.stl.StlParserTest" time="0.001"/>
  <testcase name="testGsiMnc" classname="fr.noop.subtitle.stl.StlParserTest" time="0.001"/>
  <testcase name="testGsiMnr" classname="fr.noop.subtitle.stl.StlParserTest" time="0.001"/>
  <testcase name="testGsiOet" classname="fr.noop.subtitle.stl.StlParserTest" time="0.001"/>
  <testcase name="testGsiOpt" classname="fr.noop.subtitle.stl.StlParserTest" time="0.001"/>
  <testcase name="testGsiPub" classname="fr.noop.subtitle.stl.StlParserTest" time="0.001"/>
  <testcase name="testGsiTcf" classname="fr.noop.subtitle.stl.StlParserTest" time="0.001"/>
  <testcase name="testGsiTcp" classname="fr.noop.subtitle.stl.StlParserTest" time="0.0"/>
  <testcase name="testGsiTet" classname="fr.noop.subtitle.stl.StlParserTest" time="0.001"/>
  <testcase name="testGsiTnb" classname="fr.noop.subtitle.stl.StlParserTest" time="0.001"/>
  <testcase name="testGsiTns" classname="fr.noop.subtitle.stl.StlParserTest" time="0.001"/>
  <testcase name="testGsiTpt" classname="fr.noop.subtitle.stl.StlParserTest" time="0.001"/>
  <testcase name="testTtiTci" classname="fr.noop.subtitle.stl.StlParserTest" time="0.002"/>
  <testcase name="testTtiTco" classname="fr.noop.subtitle.stl.StlParserTest" time="0.001"/>
  <testcase name="testCueRegion" classname="fr.noop.subtitle.stl.StlParserTest" time="0.001"/>
  <system-out><![CDATA[will use ISO-6937-2
will use ISO-6937-2
will use ISO-6937-2
will use ISO-6937-2
will use ISO-6937-2
will use ISO-6937-2
will use ISO-6937-2
will use ISO-6937-2
will use ISO-6937-2
will use ISO-6937-2
will use ISO-6937-2
will use ISO-6937-2
will use ISO-6937-2
will use ISO-6937-2
will use ISO-6937-2
will use ISO-6937-2
will use ISO-6937-2
will use ISO-6937-2
will use ISO-6937-2
will use ISO-6937-2
will use ISO-6937-2
will use ISO-6937-2
will use ISO-6937-2
will use ISO-6937-2
will use ISO-6937-2
will use ISO-6937-2
will use ISO-6937-2
will use ISO-6937-2
will use ISO-6937-2
will use ISO-6937-2
will use ISO-6937-2
will use ISO-6937-2
will use ISO-6937-2
will use ISO-6937-2
will use ISO-6937-2
will use ISO-6937-2
will use ISO-6937-2
will use ISO-6937-2
will use ISO-6937-2
will use ISO-6937-2
will use ISO-6937-2
will use ISO-6937-2
will use ISO-6937-2
will use ISO-6937-2
will use ISO-6937-2
will use ISO-6937-2
will use ISO-6937-2
will use ISO-6937-2
will use ISO-6937-2
will use ISO-6937-2
will use ISO-6937-2
will use ISO-6937-2
will use ISO-6937-2
will use ISO-6937-2
will use ISO-6937-2
will use ISO-6937-2
will use ISO-6937-2
will use ISO-6937-2
will use ISO-6937-2
will use ISO-6937-2
will use ISO-6937-2
will use ISO-6937-2
will use ISO-6937-2
will use ISO-6937-2
will use ISO-6937-2
will use ISO-6937-2
will use ISO-6937-2
will use ISO-6937-2
will use ISO-6937-2
will use ISO-6937-2
will use ISO-6937-2
will use ISO-6937-2
will use ISO-6937-2
will use ISO-6937-2
will use ISO-6937-2
will use ISO-6937-2
will use ISO-6937-2
will use ISO-6937-2
will use ISO-6937-2
will use ISO-6937-2
will use ISO-6937-2
will use ISO-6937-2
will use ISO-6937-2
will use ISO-6937-2
will use ISO-6937-2
will use ISO-6937-2
will use ISO-6937-2
will use ISO-6937-2
will use ISO-6937-2
will use ISO-6937-2
will use ISO-6937-2
will use ISO-6937-2
will use ISO-6937-2
will use ISO-6937-2
will use ISO-6937-2
will use ISO-6937-2
will use ISO-6937-2
will use ISO-6937-2
will use ISO-6937-2
will use ISO-6937-2
will use ISO-6937-2
will use ISO-6937-2
will use ISO-6937-2
will use ISO-6937-2
will use ISO-6937-2
will use ISO-6937-2
will use ISO-6937-2
will use ISO-6937-2
will use ISO-6937-2
will use ISO-6937-2
will use ISO-6937-2
will use ISO-6937-2
will use ISO-6937-2
will use ISO-6937-2
will use ISO-6937-2
will use ISO-6937-2
will use ISO-6937-2
will use ISO-6937-2
will use ISO-6937-2
will use ISO-6937-2
will use ISO-6937-2
will use ISO-6937-2
will use ISO-6937-2
will use ISO-6937-2
will use ISO-6937-2
will use ISO-6937-2
will use ISO-6937-2
will use ISO-6937-2
will use ISO-6937-2
will use ISO-6937-2
will use ISO-6937-2
will use ISO-6937-2
will use ISO-6937-2
will use ISO-6937-2
will use ISO-6937-2
will use ISO-6937-2
will use ISO-6937-2
will use ISO-6937-2
will use ISO-6937-2
will use ISO-6937-2
will use ISO-6937-2
will use ISO-6937-2
will use ISO-6937-2
will use ISO-6937-2
will use ISO-6937-2
will use ISO-6937-2
will use ISO-6937-2
will use ISO-6937-2
will use ISO-6937-2
will use ISO-6937-2
will use ISO-6937-2
will use ISO-6937-2
will use ISO-6937-2
will use ISO-6937-2
will use ISO-6937-2
will use ISO-6937-2
will use ISO-6937-2
will use ISO-6937-2
will use ISO-6937-2
will use ISO-6937-2
will use ISO-6937-2
will use ISO-6937-2
will use ISO-6937-2
will use ISO-6937-2
will use ISO-6937-2
will use ISO-6937-2
will use ISO-6937-2
will use ISO-6937-2
will use ISO-6937-2
will use ISO-6937-2
will use ISO-6937-2
will use ISO-6937-2
will use ISO-6937-2
will use ISO-6937-2
will use ISO-6937-2
will use ISO-6937-2
will use ISO-6937-2
will use ISO-6937-2
will use ISO-6937-2
will use ISO-6937-2
will use ISO-6937-2
will use ISO-6937-2
will use ISO-6937-2
will use ISO-6937-2
will use ISO-6937-2
will use ISO-6937-2
will use ISO-6937-2
will use ISO-6937-2
will use ISO-6937-2
will use ISO-6937-2
will use ISO-6937-2
will use ISO-6937-2
will use ISO-6937-2
will use ISO-6937-2
will use ISO-6937-2
will use ISO-6937-2
will use ISO-6937-2
will use ISO-6937-2
will use ISO-6937-2
will use ISO-6937-2
will use ISO-6937-2
will use ISO-6937-2
will use ISO-6937-2
will use ISO-6937-2
will use ISO-6937-2
will use ISO-6937-2
will use ISO-6937-2
will use ISO-6937-2
will use ISO-6937-2
will use ISO-6937-2
will use ISO-6937-2
will use ISO-6937-2
will use ISO-6937-2
will use ISO-6937-2
will use ISO-6937-2
will use ISO-6937-2
will use ISO-6937-2
will use ISO-6937-2
will use ISO-6937-2
will use ISO-6937-2
will use ISO-6937-2
will use ISO-6937-2
will use ISO-6937-2
will use ISO-6937-2
will use ISO-6937-2
will use ISO-6937-2
will use ISO-6937-2
will use ISO-6937-2
will use ISO-6937-2
will use ISO-6937-2
will use ISO-6937-2
will use ISO-6937-2
will use ISO-6937-2
will use ISO-6937-2
will use ISO-6937-2
will use ISO-6937-2
will use ISO-6937-2
will use ISO-6937-2
will use ISO-6937-2
will use ISO-6937-2
will use ISO-6937-2
will use ISO-6937-2
will use ISO-6937-2
will use ISO-6937-2
will use ISO-6937-2
will use ISO-6937-2
will use ISO-6937-2
will use ISO-6937-2
will use ISO-6937-2
will use ISO-6937-2
will use ISO-6937-2
will use ISO-6937-2
will use ISO-6937-2
will use ISO-6937-2
will use ISO-6937-2
will use ISO-6937-2
will use ISO-6937-2
will use ISO-6937-2
will use ISO-6937-2
will use ISO-6937-2
will use ISO-6937-2
will use ISO-6937-2
will use ISO-6937-2
will use ISO-6937-2
will use ISO-6937-2
will use ISO-6937-2
will use ISO-6937-2
will use ISO-6937-2
will use ISO-6937-2
will use ISO-6937-2
will use ISO-6937-2
will use ISO-6937-2
will use ISO-6937-2
will use ISO-6937-2
will use ISO-6937-2
will use ISO-6937-2
will use ISO-6937-2
will use ISO-6937-2
will use ISO-6937-2
will use ISO-6937-2
will use ISO-6937-2
will use ISO-6937-2
will use ISO-6937-2
will use ISO-6937-2
will use ISO-6937-2
will use ISO-6937-2
will use ISO-6937-2
will use ISO-6937-2
will use ISO-6937-2
will use ISO-6937-2
will use ISO-6937-2
will use ISO-6937-2
will use ISO-6937-2
will use ISO-6937-2
will use ISO-6937-2
will use ISO-6937-2
will use ISO-6937-2
will use ISO-6937-2
will use ISO-6937-2
will use ISO-6937-2
will use ISO-6937-2
will use ISO-6937-2
will use ISO-6937-2
will use ISO-6937-2
will use ISO-6937-2
will use ISO-6937-2
will use ISO-6937-2
will use ISO-6937-2
will use ISO-6937-2
will use ISO-6937-2
will use ISO-6937-2
will use ISO-6937-2
will use ISO-6937-2
will use ISO-6937-2
will use ISO-6937-2
will use ISO-6937-2
will use ISO-6937-2
will use ISO-6937-2
will use ISO-6937-2
will use ISO-6937-2
will use ISO-6937-2
will use ISO-6937-2
will use ISO-6937-2
will use ISO-6937-2
will use ISO-6937-2
will use ISO-6937-2
will use ISO-6937-2
will use ISO-6937-2
will use ISO-6937-2
will use ISO-6937-2
will use ISO-6937-2
will use ISO-6937-2
will use ISO-6937-2
will use ISO-6937-2
will use ISO-6937-2
will use ISO-6937-2
will use ISO-6937-2
will use ISO-6937-2
will use ISO-6937-2
will use ISO-6937-2
will use ISO-6937-2
will use ISO-6937-2
will use ISO-6937-2
will use ISO-6937-2
will use ISO-6937-2
will use ISO-6937-2
will use ISO-6937-2
will use ISO-6937-2
will use ISO-6937-2
will use ISO-6937-2
will use ISO-6937-2
will use ISO-6937-2
will use ISO-6937-2
will use ISO-6937-2
will use ISO-6937-2
will use ISO-6937-2
will use ISO-6937-2
will use ISO-6937-2
will use ISO-6937-2
will use ISO-6937-2
will use ISO-6937-2
will use ISO-6937-2
will use ISO-6937-2
will use ISO-6937-2
will use ISO-6937-2
will use ISO-6937-2
will use ISO-6937-2
will use ISO-6937-2
will use ISO-6937-2
will use ISO-6937-2
will use ISO-6937-2
will use ISO-6937-2
will use ISO-6937-2
will use ISO-6937-2
will use ISO-6937-2
will use ISO-6937-2
will use ISO-6937-2
]]></system-out>
  <system-err><![CDATA[]]></system-err>
</testsuite>
